<?xml version="1.0" encoding="UTF-8"?>
<testng-results skipped="0" failed="0" total="2" passed="2">
  <reporter-output>
  </reporter-output>
  <suite name="Default suite" duration-ms="767" started-at="2017-05-31T02:28:30Z" finished-at="2017-05-31T02:28:31Z">
    <groups>
    </groups>
    <test name="Default test" duration-ms="767" started-at="2017-05-31T02:28:30Z" finished-at="2017-05-31T02:28:31Z">
      <class name="A_Tests.TestApplication">
        <test-method status="PASS" signature="Registration_data(java.lang.String, java.lang.String, java.lang.String, java.lang.String)[pri:0, instance:A_Tests.TestApplication@5442a311]" name="Registration_data" duration-ms="10" started-at="2017-05-31T07:58:30Z" data-provider="Authentication" finished-at="2017-05-31T07:58:30Z">
          <params>
            <param index="0">
              <value>
                <![CDATA[Bangalore]]>
              </value>
            </param>
            <param index="1">
              <value>
                <![CDATA[Mumbai]]>
              </value>
            </param>
            <param index="2">
              <value>
                <![CDATA[Agra]]>
              </value>
            </param>
            <param index="3">
              <value>
                <![CDATA[Mumbai]]>
              </value>
            </param>
          </params>
          <reporter-output>
          </reporter-output>
        </test-method> <!-- Registration_data -->
        <test-method status="PASS" signature="Registration_data(java.lang.String, java.lang.String, java.lang.String, java.lang.String)[pri:0, instance:A_Tests.TestApplication@5442a311]" name="Registration_data" duration-ms="5" started-at="2017-05-31T07:58:30Z" data-provider="Authentication" finished-at="2017-05-31T07:58:30Z">
          <params>
            <param index="0">
              <value>
                <![CDATA[lastCell]]>
              </value>
            </param>
            <param index="1">
              <value>
                <![CDATA[lastCell]]>
              </value>
            </param>
            <param index="2">
              <value>
                <![CDATA[lastCell]]>
              </value>
            </param>
            <param index="3">
              <value>
                <![CDATA[lastCell]]>
              </value>
            </param>
          </params>
          <reporter-output>
          </reporter-output>
        </test-method> <!-- Registration_data -->
      </class> <!-- A_Tests.TestApplication -->
    </test> <!-- Default test -->
  </suite> <!-- Default suite -->
</testng-results>
